// 출력방법 4가지
undefined
window.console.log('hello world')
VM847:1 hello world
undefined
document.write('hello world')
undefined
document.getElementById('one').innerHTML = 'hi'
'hi'
window.alert('hello world')
undefined
window.innerWidth
150
window.innerWidth
266
console.dir(window)
undefined
//접근방법(멤버접근 연산자 '.'(닷, dot))
window.console.log
ƒ log() { [native code] }
console.error()
undefined
console.error('hello')
VM1883:1 hello
(익명) @ VM1883:1
undefined
let tableSample = [
  {
    "_id": "61a422cb8228e51a38810945",
    "index": 0,
    "age": 21,
    "name": "Maritza Manning",
    "gender": "female"
  },
  {
    "_id": "61a422cbaa3d53a641effafc",
    "index": 1,
    "age": 39,
    "name": "Leblanc Leach",
    "gender": "male"
  },
  {
    "_id": "61a422cbb0da747e3230b6c8",
    "index": 2,
    "age": 35,
    "name": "Mcgee Peterson",
    "gender": "male"
  },
  {
    "_id": "61a422cbf7b294d6e2b86808",
    "index": 3,
    "age": 38,
    "name": "Dollie Haynes",
    "gender": "female"
  },
  {
    "_id": "61a422cb348f904146c755eb",
    "index": 4,
    "age": 29,
    "name": "Winters Hebert",
    "gender": "male"
  },
  {
    "_id": "61a422cb72c5f3e2c7030785",
    "index": 5,
    "age": 29,
    "name": "Chandler Doyle",
    "gender": "male"
  },
  {
    "_id": "61a422cb008558f6d3ea1ac2",
    "index": 6,
    "age": 21,
    "name": "Maura Henry",
    "gender": "female"
  }
]
undefined
console.table(tableSample)
VM2158:1 (색인)_idindexagenamegender(색인)_idindexagenamegender0'61a422cb8228e51a38810945'021'Maritza Manning''female'1'61a422cbaa3d53a641effafc'139'Leblanc Leach''male'2'61a422cbb0da747e3230b6c8'235'Mcgee Peterson''male'3'61a422cbf7b294d6e2b86808'338'Dollie Haynes''female'4'61a422cb348f904146c755eb'429'Winters Hebert''male'5'61a422cb72c5f3e2c7030785'529'Chandler Doyle''male'6'61a422cb008558f6d3ea1ac2'621'Maura Henry''female'Array(7)
undefined
// let 나변수 = 10
// 나변수 (00AAFFDD)
// 10 (00AAFFDA)
// 00000010 10010010 00000010 = 4
// 8bit == 1byte
// 1024byte == 1KB
// 1024KB == 1MB
// 1024MB == 1GB
// 1024GB == 1TB
// (KB,MB,GB,TB,PB)갈매기털빼
undefined
0b100
4
0o100
64
0x100
256
/*
2진수 - 01    10
8진수 - 01234567    10
16진수 - 0123456789abcdef     10

10진수 225
2진수 100
8진수 100
16진수 100

(10^2)*2 + (10^1)*2 + (10^0)*5 = 225
(2^2)*1 + (2^1)*0 + (2^0)*0 = 4
(8^2)*1 + (8^1)*0 + (8^0)*0 = 64
(16^2)*1 + (16^1)*0 + (16^0)*0 = 256
*/
undefined
let tableSample = 100
undefined
let tableSample
undefined
var 하나 = 100;
undefined
var 하나 = 200;
undefined
let a = 100
undefined
let a = 200
undefined
let a = 200
undefined
let a = 200
undefined
10 + 10
20
'lee' + 'hojun'
'leehojun'
'10' + '10'
'1010'
let c
undefined
c
undefined
let k = {
    'a':'aa',
    'b':'bb',
    'c':'cc',
    'd':'dd'
}
undefined
k
{a: 'aa', b: 'bb', c: 'cc', d: 'dd'}a: "aa"b: "bb"c: "cc"d: "dd"[[Prototype]]: Object
function add(x, y) {
    return x + y
}
undefined
k.c = 'cc'
'cc'
k.e = 'ee'
'ee'
k.e
'ee'
add.a = 100
100
add.a
100
add
ƒ add(x, y) {
    return x + y
}
0.1 + 0.2
0.30000000000000004
0.1
0.1
0.1 + 0.1
0.2
0.1 * 0.1
0.010000000000000002
0.1 * 3
0.30000000000000004
0.3 + 0.6
0.8999999999999999